 _ __ | |__   ___  _ __   ___|___ / _ __  _   _
 | '_ \| '_ \ / _ \| '_ \ / _ \ |_ \| '_ \| | | |
 | |_) | | | | (_) | | | | (_) |__) | |_) | |_| |
 | .__/|_| |_|\___/|_| |_|\___/____/| .__/ \__, |
 |_|                                |_|    |___/ 
                                       3.5.2

-------------------------[time 2024-10-23 20:02:29]-------------------------
Compiled with OpenMP support (max 4 threads).
Python version 3.12.7
Spglib version 2.5.0
----------------------------- General settings -----------------------------
Run mode: {run_mode}
HDF5 data compression filter: gzip
Crystal structure was read from "POSCAR".
Supercell (dim): [2 2 2]
Primitive matrix:
  [0.  0.5 0.5]
  [0.5 0.  0.5]
  [0.5 0.5 0. ]
Spacegroup: Fd-3m (227)
------------------------------ primitive cell ------------------------------
Lattice vectors:
  a    0.000000000000000    2.733081957865998    2.733081957865998
  b    2.733081957865998    0.000000000000000    2.733081957865998
  c    2.733081957865998    2.733081957865998    0.000000000000000
Atomic positions (fractional):
    1 Si  0.87500000000000  0.87500000000000  0.87500000000000  28.085
    2 Si  0.12500000000000  0.12500000000000  0.12500000000000  28.085
-------------------------------- supercell ---------------------------------
Lattice vectors:
  a   10.932327831463994    0.000000000000000    0.000000000000000
  b    0.000000000000000   10.932327831463994    0.000000000000000
  c    0.000000000000000    0.000000000000000   10.932327831463994
Atomic positions (fractional):
    1 Si  0.43750000000000  0.43750000000000  0.43750000000000  28.085 > 1
    2 Si  0.93750000000000  0.43750000000000  0.43750000000000  28.085 > 1
    3 Si  0.43750000000000  0.93750000000000  0.43750000000000  28.085 > 1
    4 Si  0.93750000000000  0.93750000000000  0.43750000000000  28.085 > 1
    5 Si  0.43750000000000  0.43750000000000  0.93750000000000  28.085 > 1
    6 Si  0.93750000000000  0.43750000000000  0.93750000000000  28.085 > 1
    7 Si  0.43750000000000  0.93750000000000  0.93750000000000  28.085 > 1
    8 Si  0.93750000000000  0.93750000000000  0.93750000000000  28.085 > 1
    9 Si  0.43750000000000  0.18750000000000  0.18750000000000  28.085 > 1
   10 Si  0.93750000000000  0.18750000000000  0.18750000000000  28.085 > 1
   11 Si  0.43750000000000  0.68750000000000  0.18750000000000  28.085 > 1
   12 Si  0.93750000000000  0.68750000000000  0.18750000000000  28.085 > 1
   13 Si  0.43750000000000  0.18750000000000  0.68750000000000  28.085 > 1
   14 Si  0.93750000000000  0.18750000000000  0.68750000000000  28.085 > 1
   15 Si  0.43750000000000  0.68750000000000  0.68750000000000  28.085 > 1
   16 Si  0.93750000000000  0.68750000000000  0.68750000000000  28.085 > 1
   17 Si  0.18750000000000  0.43750000000000  0.18750000000000  28.085 > 1
   18 Si  0.68750000000000  0.43750000000000  0.18750000000000  28.085 > 1
   19 Si  0.18750000000000  0.93750000000000  0.18750000000000  28.085 > 1
   20 Si  0.68750000000000  0.93750000000000  0.18750000000000  28.085 > 1
   21 Si  0.18750000000000  0.43750000000000  0.68750000000000  28.085 > 1
   22 Si  0.68750000000000  0.43750000000000  0.68750000000000  28.085 > 1
   23 Si  0.18750000000000  0.93750000000000  0.68750000000000  28.085 > 1
   24 Si  0.68750000000000  0.93750000000000  0.68750000000000  28.085 > 1
   25 Si  0.18750000000000  0.18750000000000  0.43750000000000  28.085 > 1
   26 Si  0.68750000000000  0.18750000000000  0.43750000000000  28.085 > 1
   27 Si  0.18750000000000  0.68750000000000  0.43750000000000  28.085 > 1
   28 Si  0.68750000000000  0.68750000000000  0.43750000000000  28.085 > 1
   29 Si  0.18750000000000  0.18750000000000  0.93750000000000  28.085 > 1
   30 Si  0.68750000000000  0.18750000000000  0.93750000000000  28.085 > 1
   31 Si  0.18750000000000  0.68750000000000  0.93750000000000  28.085 > 1
   32 Si  0.68750000000000  0.68750000000000  0.93750000000000  28.085 > 1
   33 Si  0.06250000000000  0.06250000000000  0.06250000000000  28.085 > 33
   34 Si  0.56250000000000  0.06250000000000  0.06250000000000  28.085 > 33
   35 Si  0.06250000000000  0.56250000000000  0.06250000000000  28.085 > 33
   36 Si  0.56250000000000  0.56250000000000  0.06250000000000  28.085 > 33
   37 Si  0.06250000000000  0.06250000000000  0.56250000000000  28.085 > 33
   38 Si  0.56250000000000  0.06250000000000  0.56250000000000  28.085 > 33
   39 Si  0.06250000000000  0.56250000000000  0.56250000000000  28.085 > 33
   40 Si  0.56250000000000  0.56250000000000  0.56250000000000  28.085 > 33
   41 Si  0.06250000000000  0.31250000000000  0.31250000000000  28.085 > 33
   42 Si  0.56250000000000  0.31250000000000  0.31250000000000  28.085 > 33
   43 Si  0.06250000000000  0.81250000000000  0.31250000000000  28.085 > 33
   44 Si  0.56250000000000  0.81250000000000  0.31250000000000  28.085 > 33
   45 Si  0.06250000000000  0.31250000000000  0.81250000000000  28.085 > 33
   46 Si  0.56250000000000  0.31250000000000  0.81250000000000  28.085 > 33
   47 Si  0.06250000000000  0.81250000000000  0.81250000000000  28.085 > 33
   48 Si  0.56250000000000  0.81250000000000  0.81250000000000  28.085 > 33
   49 Si  0.31250000000000  0.06250000000000  0.31250000000000  28.085 > 33
   50 Si  0.81250000000000  0.06250000000000  0.31250000000000  28.085 > 33
   51 Si  0.31250000000000  0.56250000000000  0.31250000000000  28.085 > 33
   52 Si  0.81250000000000  0.56250000000000  0.31250000000000  28.085 > 33
   53 Si  0.31250000000000  0.06250000000000  0.81250000000000  28.085 > 33
   54 Si  0.81250000000000  0.06250000000000  0.81250000000000  28.085 > 33
   55 Si  0.31250000000000  0.56250000000000  0.81250000000000  28.085 > 33
   56 Si  0.81250000000000  0.56250000000000  0.81250000000000  28.085 > 33
   57 Si  0.31250000000000  0.31250000000000  0.06250000000000  28.085 > 33
   58 Si  0.81250000000000  0.31250000000000  0.06250000000000  28.085 > 33
   59 Si  0.31250000000000  0.81250000000000  0.06250000000000  28.085 > 33
   60 Si  0.81250000000000  0.81250000000000  0.06250000000000  28.085 > 33
   61 Si  0.31250000000000  0.31250000000000  0.56250000000000  28.085 > 33
   62 Si  0.81250000000000  0.31250000000000  0.56250000000000  28.085 > 33
   63 Si  0.31250000000000  0.81250000000000  0.56250000000000  28.085 > 33
   64 Si  0.81250000000000  0.81250000000000  0.56250000000000  28.085 > 33
----------------------------------------------------------------------------
NAC parameters were read from "BORN".
--------------------------- Dielectric constant ----------------------------
           12.9777415    0.0000000    0.0000000
            0.0000000   12.9777415    0.0000000
            0.0000000    0.0000000   12.9777415
-------------------------- Born effective charges --------------------------
    1 Si    0.0000000    0.0000000    0.0000000
            0.0000000    0.0000000    0.0000000
            0.0000000    0.0000000    0.0000000
    2 Si    0.0000000    0.0000000    0.0000000
            0.0000000    0.0000000    0.0000000
            0.0000000    0.0000000    0.0000000
----------------------------------------------------------------------------
----------------------------- Force constants ------------------------------
Imposing translational and index exchange symmetry to fc2: False
Imposing translational and index exchange symmetry to fc3: False
Reading fc3 from "fc3.hdf5".
Max drift of fc3: -0.000000 (xyz) -0.000000 (yxz) -0.000000 (yzx)
Reading fc2 from "fc2.hdf5".
Max drift of fc2: -0.000000 (yy) -0.000000 (yy)
--------------------------- Calculation settings ---------------------------
Non-analytical term correction (NAC): True
NAC unit conversion factor:  14.39965
BZ integration: Tetrahedron-method
Temperature:  0.0  10.0  20.0  30.0  40.0 ... 1000.0
Cutoff frequency: 0.01
Frequency conversion factor to THz:  15.63330
Mesh sampling: [ 48 48 48 ]
Generating grid system ... [ 48 48 48 ]
fc3 r2q transformation over three atoms: True
--------------------------- Phonon calculations ----------------------------
Use NAC by Gonze et al. (no real space sum in current implementation)
  PRB 50, 13035(R) (1994), PRB 55, 10355 (1997)
  G-cutoff distance: 1.21, Number of G-points: 307, Lambda: 0.45
Running harmonic phonon calculations...
-------------------- Lattice thermal conducitivity (RTA) --------------------
======================= Grid point 0 (1/1) =======================
q-point: ( 0.00  0.00  0.00)
Boundary mean free path (millimetre): 1000.000
Number of triplets: 2769
Frequency     group velocity (x, y, z)     |gv|  (dq=1.0e-05)
  -0.000   (   0.000    0.000    0.000)    0.000
   0.000   (   0.000    0.000    0.000)    0.000
   0.000   (   0.000    0.000    0.000)    0.000
  15.066   (  -0.000    0.000    0.000)    0.000
  15.066   (   0.000    0.000    0.000)    0.000
  15.066   (  -0.000   -0.000    0.000)    0.000
Thermal conductivity related properties at gp-0 were written into 
"kappa-m484848-g0.hdf5".
=================== End of collection of collisions ===================
Summary of calculation was written in "phono3py.yaml".
-------------------------[time 2024-10-23 20:02:33]-------------------------
                 _
   ___ _ __   __| |
  / _ \ '_ \ / _` |
 |  __/ | | | (_| |
  \___|_| |_|\__,_|
