        _
  _ __ | |__   ___  _ __   ___   _ __  _   _
 | '_ \| '_ \ / _ \| '_ \ / _ \ | '_ \| | | |
 | |_) | | | | (_) | | | | (_) || |_) | |_| |
 | .__/|_| |_|\___/|_| |_|\___(_) .__/ \__, |
 |_|                            |_|    |___/
                                      2.28.0

Compiled with OpenMP support (max 4 threads).
Python version 3.12.7
Spglib version 2.5.0

"band.conf" was read as phonopy configuration file.
Calculator interface: cp2k
Crystal structure was read from "NBBFC.inp".
Unit of length: angstrom
Band structure mode
Settings:
  Force constants symmetrization: on
  Supercell: [3 3 1]
Spacegroup: R3 (146)
Number of symmetry operations in supercell: 81
Use -v option to watch primitive cell, unit cell, and supercell structures.

Forces and displacements were read from "FORCE_SETS".
Computing force constants...
Max drift of force constants: 0.220443 (zz) 0.000003 (xy)
Max drift after symmetrization by translation: 0.000000 (zz) 0.000000 (zz)

Reciprocal space paths in reduced coordinates:
[ 0.000  0.000  0.000] --> [ 0.500  0.000  0.000]
[ 0.500  0.000  0.000] --> [ 0.333  0.333  0.000]
[ 0.333  0.333  0.000] --> [ 0.000  0.000  0.000]
[ 0.000  0.000  0.000] --> [ 0.000  0.000  0.500]
[ 0.000  0.000  0.500] --> [ 0.500  0.000  0.500]
[ 0.500  0.000  0.500] --> [ 0.333  0.333  0.500]
[ 0.333  0.333  0.500] --> [ 0.000  0.000  0.500]
[ 0.500  0.000  0.500] --> [ 0.500  0.000  0.000]
[ 0.333  0.333  0.000] --> [ 0.333  0.333  0.500]

Summary of calculation was written in "phonopy.yaml".
                 _
   ___ _ __   __| |
  / _ \ '_ \ / _` |
 |  __/ | | | (_| |
  \___|_| |_|\__,_|
